[SRCH] Chr:1
[NOTE] Filtering values between 1.00 and 2.00 (inclusive)
[NOTE] 3 processed, 3 match search criteria, 0 excluded, 0 limit
#WND	VAL	CHR	POSITIONS (INC.)
0	2.00	1	         1 -          3
1	1.00	1	         2 -          4
2	1.00	1	         3 -          5
[SRCH] Chr:1
[NOTE] Filtering values between 0.00 and 1.00 (inclusive)
[NOTE] 10 processed, 10 match search criteria, 0 excluded, 0 limit
#WND	VAL	CHR	POSITIONS (INC.)
0	1.00	1	         1 -          3
1	1.00	1	         2 -          4
2	1.00	1	         3 -          5
3	1.00	1	         4 -          6
4	0.67	1	         5 -          7
5	0.67	1	         6 -          8
6	0.33	1	         7 -          9
7	0.33	1	         8 -         10
8	0.00	1	         9 -         11
9	0.00	1	        10 -         12
[SRCH] Chr:1
[NOTE] Filtering values between 1.00 and 2.00 (inclusive)
[NOTE] 19 processed, 6 match search criteria, 0 excluded, 0 limit
#WND	VAL	CHR	POSITIONS (INC.)
17	2.00	1	        18 -         23
0	1.00	1	         1 -          6
14	1.00	1	        15 -         20
15	1.00	1	        16 -         21
16	1.00	1	        17 -         22
18	1.00	1	        19 -         24
[SRCH] Chr:1
[SRCH] Chr:2
[SRCH] Chr:3
[NOTE] Filtering values between 0.00 and 3.00 (inclusive)
[NOTE] 30 processed, 30 match search criteria, 14 excluded, 0 limit
#WND	VAL	CHR	POSITIONS (INC.)
13	0.00	2	         4 -          6
14	0.00	2	         5 -          7
18	0.00	2	         9 -         11
10	1.00	2	         1 -          3
15	1.00	2	         6 -          8
16	1.00	2	         7 -          9
17	1.00	2	         8 -         10
19	1.00	2	        10 -         12
20	1.00	3	         1 -          3
26	1.00	3	         7 -          9
27	1.00	3	         8 -         10
21	2.00	3	         2 -          4
22	2.00	3	         3 -          5
24	2.00	3	         5 -          7
25	2.00	3	         6 -          8
23	3.00	3	         4 -          6
[SRCH] Chr:1
[NOTE] Filtering values between 0.00 and 1.00 (inclusive)
[NOTE] 497 processed, 497 match search criteria, 0 excluded, 10 limit
#WND	VAL	CHR	POSITIONS (INC.)
2	0.57	1	   1000001 -    2000000
3	0.57	1	   1500001 -    2500000
4	0.55	1	   2000001 -    3000000
5	0.55	1	   2500001 -    3500000
1	0.54	1	    500001 -    1500000
11	0.52	1	   5500001 -    6500000
12	0.52	1	   6000001 -    7000000
312	0.50	1	 156000001 -  157000000
35	0.50	1	  17500001 -   18500000
18	0.50	1	   9000001 -   10000000
[SRCH] Chr:1
[NOTE] Filtering values between 0.00 and 32099.00 (inclusive)
[NOTE] 497 processed, 497 match search criteria, 0 excluded, 0 limit
#WND	VAL	CHR	POSITIONS (INC.)
382	32099.00	1	 191000001 -  192000000
383	32066.00	1	 191500001 -  192500000
205	31884.00	1	 102500001 -  103500000
213	31782.00	1	 106500001 -  107500000
380	31658.00	1	 190000001 -  191000000
398	31485.00	1	 199000001 -  200000000
381	31400.00	1	 190500001 -  191500000
390	31385.00	1	 195000001 -  196000000
379	31365.00	1	 189500001 -  190500000
391	31186.00	1	 195500001 -  196500000
394	31124.00	1	 197000001 -  198000000
389	31089.00	1	 194500001 -  195500000
212	30897.00	1	 106000001 -  107000000
161	30830.00	1	  80500001 -   81500000
210	30694.00	1	 105000001 -  106000000
147	30620.00	1	  73500001 -   74500000
196	30601.00	1	  98000001 -   99000000
195	30589.00	1	  97500001 -   98500000
432	30559.00	1	 216000001 -  217000000
384	30543.00	1	 192000001 -  193000000
144	30500.00	1	  72000001 -   73000000
204	30402.00	1	 102000001 -  103000000
377	30285.00	1	 188500001 -  189500000
162	30257.00	1	  81000001 -   82000000
388	30186.00	1	 194000001 -  195000000
211	30164.00	1	 105500001 -  106500000
392	30148.00	1	 196000001 -  197000000
145	30129.00	1	  72500001 -   73500000
146	30071.00	1	  73000001 -   74000000
378	30020.00	1	 189000001 -  190000000
393	30008.00	1	 196500001 -  197500000
397	29969.00	1	 198500001 -  199500000
209	29924.00	1	 104500001 -  105500000
148	29895.00	1	  74000001 -   75000000
150	29881.00	1	  75000001 -   76000000
208	29762.00	1	 104000001 -  105000000
99	29745.00	1	  49500001 -   50500000
149	29625.00	1	  74500001 -   75500000
376	29529.00	1	 188000001 -  189000000
433	29400.00	1	 216500001 -  217500000
206	29399.00	1	 103000001 -  104000000
207	29390.00	1	 103500001 -  104500000
172	29389.00	1	  86000001 -   87000000
158	29292.00	1	  79000001 -   80000000
160	29190.00	1	  80000001 -   81000000
439	29188.00	1	 219500001 -  220500000
477	29106.00	1	 238500001 -  239500000
338	29096.00	1	 169000001 -  170000000
143	29072.00	1	  71500001 -   72500000
176	29064.00	1	  88000001 -   89000000
214	29015.00	1	 107000001 -  108000000
159	28914.00	1	  79500001 -   80500000
171	28785.00	1	  85500001 -   86500000
140	28740.00	1	  70000001 -   71000000
166	28704.00	1	  83000001 -   84000000
237	28677.00	1	 118500001 -  119500000
438	28647.00	1	 219000001 -  220000000
435	28608.00	1	 217500001 -  218500000
151	28569.00	1	  75500001 -   76500000
102	28553.00	1	  51000001 -   52000000
387	28520.00	1	 193500001 -  194500000
182	28478.00	1	  91000001 -   92000000
399	28461.00	1	 199500001 -  200500000
198	28394.00	1	  99000001 -  100000000
155	28358.00	1	  77500001 -   78500000
199	28342.00	1	  99500001 -  100500000
395	28329.00	1	 197500001 -  198500000
486	28316.00	1	 243000001 -  244000000
186	28314.00	1	  93000001 -   94000000
167	28292.00	1	  83500001 -   84500000
177	28258.00	1	  88500001 -   89500000
197	28255.00	1	  98500001 -   99500000
215	28171.00	1	 107500001 -  108500000
375	28158.00	1	 187500001 -  188500000
346	28157.00	1	 173000001 -  174000000
216	28093.00	1	 108000001 -  109000000
339	28026.00	1	 169500001 -  170500000
327	28020.00	1	 163500001 -  164500000
100	28000.00	1	  50000001 -   51000000
181	27982.00	1	  90500001 -   91500000
163	27962.00	1	  81500001 -   82500000
431	27944.00	1	 215500001 -  216500000
434	27928.00	1	 217000001 -  218000000
173	27829.00	1	  86500001 -   87500000
185	27800.00	1	  92500001 -   93500000
372	27720.00	1	 186000001 -  187000000
341	27645.00	1	 170500001 -  171500000
374	27581.00	1	 187000001 -  188000000
170	27485.00	1	  85000001 -   86000000
139	27385.00	1	  69500001 -   70500000
194	27374.00	1	  97000001 -   98000000
373	27370.00	1	 186500001 -  187500000
165	27334.00	1	  82500001 -   83500000
317	27313.00	1	 158500001 -  159500000
371	27289.00	1	 185500001 -  186500000
385	27284.00	1	 192500001 -  193500000
126	27232.00	1	  63000001 -   64000000
340	27193.00	1	 170000001 -  171000000
478	27159.00	1	 239000001 -  240000000
482	27105.00	1	 241000001 -  242000000
337	27101.00	1	 168500001 -  169500000
101	26997.00	1	  50500001 -   51500000
141	26996.00	1	  70500001 -   71500000
238	26956.00	1	 119000001 -  120000000
157	26948.00	1	  78500001 -   79500000
485	26895.00	1	 242500001 -  243500000
156	26799.00	1	  78000001 -   79000000
154	26788.00	1	  77000001 -   78000000
169	26783.00	1	  84500001 -   85500000
492	26771.00	1	 246000001 -  247000000
396	26763.00	1	 198000001 -  199000000
121	26738.00	1	  60500001 -   61500000
437	26734.00	1	 218500001 -  219500000
200	26724.00	1	 100000001 -  101000000
168	26712.00	1	  84000001 -   85000000
164	26685.00	1	  82000001 -   83000000
443	26616.00	1	 221500001 -  222500000
476	26615.00	1	 238000001 -  239000000
436	26526.00	1	 218000001 -  219000000
133	26517.00	1	  66500001 -   67500000
192	26496.00	1	  96000001 -   97000000
422	26492.00	1	 211000001 -  212000000
178	26477.00	1	  89000001 -   90000000
142	26437.00	1	  71000001 -   72000000
444	26383.00	1	 222000001 -  223000000
326	26381.00	1	 163000001 -  164000000
386	26367.00	1	 193000001 -  194000000
316	26365.00	1	 158000001 -  159000000
193	26350.00	1	  96500001 -   97500000
134	26316.00	1	  67000001 -   68000000
138	26314.00	1	  69000001 -   70000000
487	26301.00	1	 243500001 -  244500000
354	26232.00	1	 177000001 -  178000000
236	26229.00	1	 118000001 -  119000000
440	26206.00	1	 220000001 -  221000000
481	26172.00	1	 240500001 -  241500000
183	26066.00	1	  91500001 -   92500000
355	26023.00	1	 177500001 -  178500000
203	26007.00	1	 101500001 -  102500000
493	25967.00	1	 246500001 -  247500000
120	25948.00	1	  60000001 -   61000000
430	25928.00	1	 215000001 -  216000000
125	25889.00	1	  62500001 -   63500000
328	25837.00	1	 164000001 -  165000000
345	25816.00	1	 172500001 -  173500000
342	25804.00	1	 171000001 -  172000000
230	25649.00	1	 115000001 -  116000000
137	25612.00	1	  68500001 -   69500000
217	25572.00	1	 108500001 -  109500000
227	25553.00	1	 113500001 -  114500000
369	25480.00	1	 184500001 -  185500000
229	25477.00	1	 114500001 -  115500000
466	25444.00	1	 233000001 -  234000000
370	25433.00	1	 185000001 -  186000000
184	25423.00	1	  92000001 -   93000000
318	25422.00	1	 159000001 -  160000000
351	25411.00	1	 175500001 -  176500000
465	25395.00	1	 232500001 -  233500000
201	25375.00	1	 100500001 -  101500000
484	25343.00	1	 242000001 -  243000000
483	25321.00	1	 241500001 -  242500000
122	25304.00	1	  61000001 -   62000000
132	25292.00	1	  66000001 -   67000000
475	25291.00	1	 237500001 -  238500000
343	25259.00	1	 171500001 -  172500000
347	25252.00	1	 173500001 -  174500000
450	25239.00	1	 225000001 -  226000000
344	25220.00	1	 172000001 -  173000000
179	25203.00	1	  89500001 -   90500000
417	25159.00	1	 208500001 -  209500000
494	25121.00	1	 247000001 -  248000000
315	25118.00	1	 157500001 -  158500000
228	25090.00	1	 114000001 -  115000000
175	25059.00	1	  87500001 -   88500000
442	25023.00	1	 221000001 -  222000000
491	25023.00	1	 245500001 -  246500000
333	25020.00	1	 166500001 -  167500000
428	24982.00	1	 214000001 -  215000000
103	24972.00	1	  51500001 -   52500000
97	24941.00	1	  48500001 -   49500000
152	24940.00	1	  76000001 -   77000000
180	24927.00	1	  90000001 -   91000000
98	24910.00	1	  49000001 -   50000000
115	24907.00	1	  57500001 -   58500000
191	24874.00	1	  95500001 -   96500000
429	24862.00	1	 214500001 -  215500000
368	24817.00	1	 184000001 -  185000000
352	24766.00	1	 176000001 -  177000000
174	24705.00	1	  87000001 -   88000000
202	24660.00	1	 101000001 -  102000000
114	24649.00	1	  57000001 -   58000000
113	24631.00	1	  56500001 -   57500000
480	24589.00	1	 240000001 -  241000000
445	24586.00	1	 222500001 -  223500000
129	24557.00	1	  64500001 -   65500000
325	24536.00	1	 162500001 -  163500000
454	24515.00	1	 227000001 -  228000000
359	24502.00	1	 179500001 -  180500000
451	24502.00	1	 225500001 -  226500000
421	24474.00	1	 210500001 -  211500000
16	24462.00	1	   8000001 -    9000000
414	24455.00	1	 207000001 -  208000000
418	24345.00	1	 209000001 -  210000000
123	24342.00	1	  61500001 -   62500000
187	24314.00	1	  93500001 -   94500000
479	24308.00	1	 239500001 -  240500000
293	24265.00	1	 146500001 -  147500000
124	24199.00	1	  62000001 -   63000000
153	24161.00	1	  76500001 -   77500000
218	24147.00	1	 109000001 -  110000000
360	24127.00	1	 180000001 -  181000000
116	24118.00	1	  58000001 -   59000000
239	24096.00	1	 119500001 -  120500000
135	24092.00	1	  67500001 -   68500000
127	24078.00	1	  63500001 -   64500000
235	24065.00	1	 117500001 -  118500000
470	24039.00	1	 235000001 -  236000000
91	24036.00	1	  45500001 -   46500000
469	24004.00	1	 234500001 -  235500000
136	23989.00	1	  68000001 -   69000000
189	23985.00	1	  94500001 -   95500000
400	23975.00	1	 200000001 -  201000000
474	23947.00	1	 237000001 -  238000000
41	23905.00	1	  20500001 -   21500000
467	23905.00	1	 233500001 -  234500000
119	23904.00	1	  59500001 -   60500000
294	23894.00	1	 147000001 -  148000000
305	23810.00	1	 152500001 -  153500000
330	23802.00	1	 165000001 -  166000000
423	23797.00	1	 211500001 -  212500000
222	23783.00	1	 111000001 -  112000000
356	23780.00	1	 178000001 -  179000000
112	23768.00	1	  56000001 -   57000000
332	23750.00	1	 166000001 -  167000000
464	23749.00	1	 232000001 -  233000000
104	23735.00	1	  52000001 -   53000000
471	23664.00	1	 235500001 -  236500000
85	23624.00	1	  42500001 -   43500000
364	23590.00	1	 182000001 -  183000000
190	23531.00	1	  95000001 -   96000000
353	23521.00	1	 176500001 -  177500000
365	23493.00	1	 182500001 -  183500000
226	23483.00	1	 113000001 -  114000000
424	23468.00	1	 212000001 -  213000000
336	23418.00	1	 168000001 -  169000000
468	23410.00	1	 234000001 -  235000000
495	23409.00	1	 247500001 -  248500000
363	23357.00	1	 181500001 -  182500000
117	23335.00	1	  58500001 -   59500000
300	23244.00	1	 150000001 -  151000000
84	23233.00	1	  42000001 -   43000000
314	23230.00	1	 157000001 -  158000000
130	23181.00	1	  65000001 -   66000000
357	23168.00	1	 178500001 -  179500000
448	23162.00	1	 224000001 -  225000000
367	23150.00	1	 183500001 -  184500000
366	23123.00	1	 183000001 -  184000000
441	23105.00	1	 220500001 -  221500000
225	23104.00	1	 112500001 -  113500000
131	23081.00	1	  65500001 -   66500000
453	23073.00	1	 226500001 -  227500000
348	23061.00	1	 174000001 -  175000000
118	23059.00	1	  59000001 -   60000000
188	23056.00	1	  94000001 -   95000000
299	23049.00	1	 149500001 -  150500000
496	23027.00	1	 248000001 -  249000000
111	22948.00	1	  55500001 -   56500000
234	22914.00	1	 117000001 -  118000000
231	22875.00	1	 115500001 -  116500000
427	22874.00	1	 213500001 -  214500000
447	22874.00	1	 223500001 -  224500000
358	22866.00	1	 179000001 -  180000000
329	22859.00	1	 164500001 -  165500000
90	22830.00	1	  45000001 -   46000000
462	22829.00	1	 231000001 -  232000000
488	22808.00	1	 244000001 -  245000000
105	22784.00	1	  52500001 -   53500000
232	22761.00	1	 116000001 -  117000000
463	22751.00	1	 231500001 -  232500000
425	22732.00	1	 212500001 -  213500000
70	22726.00	1	  35000001 -   36000000
472	22714.00	1	 236000001 -  237000000
128	22670.00	1	  64000001 -   65000000
415	22629.00	1	 207500001 -  208500000
42	22534.00	1	  21000001 -   22000000
489	22525.00	1	 244500001 -  245500000
458	22509.00	1	 229000001 -  230000000
233	22485.00	1	 116500001 -  117500000
334	22456.00	1	 167000001 -  168000000
350	22439.00	1	 175000001 -  176000000
419	22412.00	1	 209500001 -  210500000
71	22371.00	1	  35500001 -   36500000
306	22353.00	1	 153000001 -  154000000
292	22329.00	1	 146000001 -  147000000
223	22328.00	1	 111500001 -  112500000
449	22325.00	1	 224500001 -  225500000
298	22297.00	1	 149000001 -  150000000
349	22279.00	1	 174500001 -  175500000
17	22245.00	1	   8500001 -    9500000
319	22242.00	1	 159500001 -  160500000
69	22232.00	1	  34500001 -   35500000
331	22048.00	1	 165500001 -  166500000
335	22047.00	1	 167500001 -  168500000
473	22011.00	1	 236500001 -  237500000
96	21944.00	1	  48000001 -   49000000
301	21930.00	1	 150500001 -  151500000
224	21921.00	1	 112000001 -  113000000
241	21899.00	1	 120500001 -  121500000
240	21866.00	1	 120000001 -  121000000
461	21845.00	1	 230500001 -  231500000
56	21837.00	1	  28000001 -   29000000
323	21742.00	1	 161500001 -  162500000
324	21711.00	1	 162000001 -  163000000
446	21667.00	1	 223000001 -  224000000
320	21630.00	1	 160000001 -  161000000
416	21527.00	1	 208000001 -  209000000
490	21499.00	1	 245000001 -  246000000
94	21415.00	1	  47000001 -   48000000
304	21401.00	1	 152000001 -  153000000
426	21273.00	1	 213000001 -  214000000
420	21142.00	1	 210000001 -  211000000
78	21114.00	1	  39000001 -   40000000
68	21073.00	1	  34000001 -   35000000
362	20949.00	1	 181000001 -  182000000
290	20919.00	1	 145000001 -  146000000
28	20898.00	1	  14000001 -   15000000
321	20885.00	1	 160500001 -  161500000
310	20826.00	1	 155000001 -  156000000
221	20798.00	1	 110500001 -  111500000
459	20791.00	1	 229500001 -  230500000
452	20784.00	1	 226000001 -  227000000
322	20657.00	1	 161000001 -  162000000
307	20629.00	1	 153500001 -  154500000
77	20586.00	1	  38500001 -   39500000
80	20558.00	1	  40000001 -   41000000
75	20493.00	1	  37500001 -   38500000
108	20425.00	1	  54000001 -   55000000
219	20411.00	1	 109500001 -  110500000
297	20372.00	1	 148500001 -  149500000
413	20347.00	1	 206500001 -  207500000
57	20340.00	1	  28500001 -   29500000
289	20299.00	1	 144500001 -  145500000
361	20219.00	1	 180500001 -  181500000
81	20179.00	1	  40500001 -   41500000
76	20094.00	1	  38000001 -   39000000
55	19966.00	1	  27500001 -   28500000
93	19955.00	1	  46500001 -   47500000
110	19951.00	1	  55000001 -   56000000
460	19869.00	1	 230000001 -  231000000
83	19856.00	1	  41500001 -   42500000
10	19806.00	1	   5000001 -    6000000
86	19802.00	1	  43000001 -   44000000
308	19737.00	1	 154000001 -  155000000
92	19705.00	1	  46000001 -   47000000
62	19688.00	1	  31000001 -   32000000
89	19561.00	1	  44500001 -   45500000
47	19557.00	1	  23500001 -   24500000
46	19527.00	1	  23000001 -   24000000
48	19522.00	1	  24000001 -   25000000
302	19509.00	1	 151000001 -  152000000
303	19503.00	1	 151500001 -  152500000
79	19474.00	1	  39500001 -   40500000
457	19463.00	1	 228500001 -  229500000
404	19365.00	1	 202000001 -  203000000
67	19360.00	1	  33500001 -   34500000
407	19334.00	1	 203500001 -  204500000
19	19328.00	1	   9500001 -   10500000
72	19297.00	1	  36000001 -   37000000
405	19238.00	1	 202500001 -  203500000
38	19188.00	1	  19000001 -   20000000
39	19167.00	1	  19500001 -   20500000
15	19115.00	1	   7500001 -    8500000
406	19097.00	1	 203000001 -  204000000
311	19075.00	1	 155500001 -  156500000
9	19072.00	1	   4500001 -    5500000
49	19057.00	1	  24500001 -   25500000
63	19054.00	1	  31500001 -   32500000
107	19022.00	1	  53500001 -   54500000
61	19018.00	1	  30500001 -   31500000
291	19011.00	1	 145500001 -  146500000
95	18956.00	1	  47500001 -   48500000
29	18892.00	1	  14500001 -   15500000
401	18857.00	1	 200500001 -  201500000
82	18833.00	1	  41000001 -   42000000
309	18775.00	1	 154500001 -  155500000
106	18750.00	1	  53000001 -   54000000
66	18746.00	1	  33000001 -   34000000
27	18724.00	1	  13500001 -   14500000
51	18620.00	1	  25500001 -   26500000
40	18595.00	1	  20000001 -   21000000
410	18519.00	1	 205000001 -  206000000
65	18504.00	1	  32500001 -   33500000
455	18333.00	1	 227500001 -  228500000
50	18330.00	1	  25000001 -   26000000
64	18311.00	1	  32000001 -   33000000
313	17902.00	1	 156500001 -  157500000
295	17882.00	1	 147500001 -  148500000
88	17879.00	1	  44000001 -   45000000
37	17863.00	1	  18500001 -   19500000
52	17844.00	1	  26000001 -   27000000
403	17786.00	1	 201500001 -  202500000
20	17775.00	1	  10000001 -   11000000
409	17767.00	1	 204500001 -  205500000
220	17689.00	1	 110000001 -  111000000
32	17685.00	1	  16000001 -   17000000
74	17632.00	1	  37000001 -   38000000
18	17552.00	1	   9000001 -   10000000
31	17540.00	1	  15500001 -   16500000
21	17538.00	1	  10500001 -   11500000
285	17498.00	1	 142500001 -  143500000
109	17484.00	1	  54500001 -   55500000
30	17440.00	1	  15000001 -   16000000
24	17398.00	1	  12000001 -   13000000
87	17172.00	1	  43500001 -   44500000
408	17170.00	1	 204000001 -  205000000
45	17132.00	1	  22500001 -   23500000
22	17075.00	1	  11000001 -   12000000
43	17022.00	1	  21500001 -   22500000
60	17002.00	1	  30000001 -   31000000
0	16982.00	1	         1 -    1000000
288	16878.00	1	 144000001 -  145000000
44	16845.00	1	  22000001 -   23000000
53	16827.00	1	  26500001 -   27500000
11	16773.00	1	   5500001 -    6500000
33	16770.00	1	  16500001 -   17500000
402	16721.00	1	 201000001 -  202000000
54	16680.00	1	  27000001 -   28000000
8	16526.00	1	   4000001 -    5000000
25	16372.00	1	  12500001 -   13500000
14	16260.00	1	   7000001 -    8000000
73	16159.00	1	  36500001 -   37500000
13	16001.00	1	   6500001 -    7500000
26	15983.00	1	  13000001 -   14000000
12	15876.00	1	   6000001 -    7000000
36	15716.00	1	  18000001 -   19000000
456	15714.00	1	 228000001 -  229000000
312	15481.00	1	 156000001 -  157000000
23	15464.00	1	  11500001 -   12500000
411	15265.00	1	 205500001 -  206500000
412	15229.00	1	 206000001 -  207000000
58	15210.00	1	  29000001 -   30000000
296	15014.00	1	 148000001 -  149000000
287	14984.00	1	 143500001 -  144500000
286	14913.00	1	 143000001 -  144000000
35	14480.00	1	  17500001 -   18500000
34	14397.00	1	  17000001 -   18000000
1	13527.00	1	    500001 -    1500000
2	13169.00	1	   1000001 -    2000000
59	13146.00	1	  29500001 -   30500000
3	12574.00	1	   1500001 -    2500000
7	12427.00	1	   3500001 -    4500000
242	11763.00	1	 121000001 -  122000000
284	9759.00	1	 142000001 -  143000000
5	9563.00	1	   2500001 -    3500000
6	9452.00	1	   3000001 -    4000000
4	8872.00	1	   2000001 -    3000000
243	0.00	1	 121500001 -  122500000
244	0.00	1	 122000001 -  123000000
245	0.00	1	 122500001 -  123500000
246	0.00	1	 123000001 -  124000000
247	0.00	1	 123500001 -  124500000
248	0.00	1	 124000001 -  125000000
249	0.00	1	 124500001 -  125500000
250	0.00	1	 125000001 -  126000000
251	0.00	1	 125500001 -  126500000
252	0.00	1	 126000001 -  127000000
253	0.00	1	 126500001 -  127500000
254	0.00	1	 127000001 -  128000000
255	0.00	1	 127500001 -  128500000
256	0.00	1	 128000001 -  129000000
257	0.00	1	 128500001 -  129500000
258	0.00	1	 129000001 -  130000000
259	0.00	1	 129500001 -  130500000
260	0.00	1	 130000001 -  131000000
261	0.00	1	 130500001 -  131500000
262	0.00	1	 131000001 -  132000000
263	0.00	1	 131500001 -  132500000
264	0.00	1	 132000001 -  133000000
265	0.00	1	 132500001 -  133500000
266	0.00	1	 133000001 -  134000000
267	0.00	1	 133500001 -  134500000
268	0.00	1	 134000001 -  135000000
269	0.00	1	 134500001 -  135500000
270	0.00	1	 135000001 -  136000000
271	0.00	1	 135500001 -  136500000
272	0.00	1	 136000001 -  137000000
273	0.00	1	 136500001 -  137500000
274	0.00	1	 137000001 -  138000000
275	0.00	1	 137500001 -  138500000
276	0.00	1	 138000001 -  139000000
277	0.00	1	 138500001 -  139500000
278	0.00	1	 139000001 -  140000000
279	0.00	1	 139500001 -  140500000
280	0.00	1	 140000001 -  141000000
281	0.00	1	 140500001 -  141500000
282	0.00	1	 141000001 -  142000000
283	0.00	1	 141500001 -  142500000
